#
# There is insufficient memory for the Java Runtime Environment to continue.
# Native memory allocation (malloc) failed to allocate 32744 bytes for ChunkPool::allocate
# Possible reasons:
#   The system is out of physical RAM or swap space
#   The process is running with CompressedOops enabled, and the Java Heap may be blocking the growth of the native heap
# Possible solutions:
#   Reduce memory load on the system
#   Increase physical memory or swap space
#   Check if swap backing store is full
#   Decrease Java heap size (-Xmx/-Xms)
#   Decrease number of Java threads
#   Decrease Java thread stack sizes (-Xss)
#   Set larger code cache with -XX:ReservedCodeCacheSize=
#   JVM is running with Unscaled Compressed Oops mode in which the Java heap is
#     placed in the first 4GB address space. The Java Heap base address is the
#     maximum limit for the native heap growth. Please use -XX:HeapBaseMinAddress
#     to set the Java Heap base and to place the Java Heap above 4GB virtual address.
# This output file may be truncated or incomplete.
#
#  Out of Memory Error (arena.cpp:78), pid=12920, tid=2084
#
# JRE version: Java(TM) SE Runtime Environment (17.0.10+11) (build 17.0.10+11-LTS-240)
# Java VM: Java HotSpot(TM) 64-Bit Server VM (17.0.10+11-LTS-240, mixed mode, sharing, tiered, compressed oops, compressed class ptrs, g1 gc, windows-amd64)
# No core dump will be written. Minidumps are not enabled by default on client versions of Windows
#

---------------  S U M M A R Y ------------

Command Line: -Xmx64m -Xms64m -Dorg.gradle.appname=gradlew org.gradle.wrapper.GradleWrapperMain app:installDebug -PreactNativeDevServerPort=8081

Host: Intel(R) Core(TM) i3-6006U CPU @ 2.00GHz, 4 cores, 7G,  Windows 10 , 64 bit Build 19041 (10.0.19041.2913)
Time: Sat Mar 30 14:00:44 2024 India Standard Time elapsed time: 346.392659 seconds (0d 0h 5m 46s)

---------------  T H R E A D  ---------------

Current thread (0x0000015828201520):  JavaThread "C2 CompilerThread0" daemon [_thread_in_native, id=2084, stack(0x000000077c000000,0x000000077c100000)]


Current CompileTask:
C2: 346392 1758       4       java.util.ArrayList::remove (26 bytes)

Stack: [0x000000077c000000,0x000000077c100000]
Native frames: (J=compiled Java code, j=interpreted, Vv=VM code, C=native code)
V  [jvm.dll+0x677a5a]
V  [jvm.dll+0x7d8b2d]
V  [jvm.dll+0x7da48e]
V  [jvm.dll+0x7daaf3]
V  [jvm.dll+0x2455ff]
V  [jvm.dll+0xaad50]
V  [jvm.dll+0xab09c]
V  [jvm.dll+0x11d4f5]
V  [jvm.dll+0x6a14e7]
V  [jvm.dll+0x1bb497]
V  [jvm.dll+0x217aa7]
V  [jvm.dll+0x216d81]
V  [jvm.dll+0x1a3410]
V  [jvm.dll+0x226aeb]
V  [jvm.dll+0x224cab]
V  [jvm.dll+0x78e45c]
V  [jvm.dll+0x78888a]
V  [jvm.dll+0x676935]
C  [ucrtbase.dll+0x21bb2]
C  [KERNEL32.DLL+0x17614]
C  [ntdll.dll+0x526a1]


---------------  P R O C E S S  ---------------

Threads class SMR info:
_java_thread_list=0x000001586eae0f70, length=15, elements={
0x000001580d370940, 0x000001580d4442f0, 0x000001580d445910, 0x00000158281f9f50,
0x00000158281fab10, 0x00000158281fdd80, 0x00000158281fe740, 0x0000015828201520,
0x0000015828202680, 0x000001582820f2f0, 0x000001582843e110, 0x00000158284468b0,
0x000001586e737200, 0x000001586ea20690, 0x000001586ea4b040
}

Java Threads: ( => current thread )
  0x000001580d370940 JavaThread "main" [_thread_in_native, id=13428, stack(0x000000077b300000,0x000000077b400000)]
  0x000001580d4442f0 JavaThread "Reference Handler" daemon [_thread_blocked, id=13104, stack(0x000000077ba00000,0x000000077bb00000)]
  0x000001580d445910 JavaThread "Finalizer" daemon [_thread_blocked, id=10484, stack(0x000000077bb00000,0x000000077bc00000)]
  0x00000158281f9f50 JavaThread "Signal Dispatcher" daemon [_thread_blocked, id=8808, stack(0x000000077bc00000,0x000000077bd00000)]
  0x00000158281fab10 JavaThread "Attach Listener" daemon [_thread_blocked, id=6184, stack(0x000000077bd00000,0x000000077be00000)]
  0x00000158281fdd80 JavaThread "Service Thread" daemon [_thread_blocked, id=3740, stack(0x000000077be00000,0x000000077bf00000)]
  0x00000158281fe740 JavaThread "Monitor Deflation Thread" daemon [_thread_blocked, id=1296, stack(0x000000077bf00000,0x000000077c000000)]
=>0x0000015828201520 JavaThread "C2 CompilerThread0" daemon [_thread_in_native, id=2084, stack(0x000000077c000000,0x000000077c100000)]
  0x0000015828202680 JavaThread "C1 CompilerThread0" daemon [_thread_blocked, id=1728, stack(0x000000077c100000,0x000000077c200000)]
  0x000001582820f2f0 JavaThread "Sweeper thread" daemon [_thread_blocked, id=5900, stack(0x000000077c200000,0x000000077c300000)]
  0x000001582843e110 JavaThread "Notification Thread" daemon [_thread_blocked, id=7712, stack(0x000000077c300000,0x000000077c400000)]
  0x00000158284468b0 JavaThread "Common-Cleaner" daemon [_thread_blocked, id=13464, stack(0x000000077c500000,0x000000077c600000)]
  0x000001586e737200 JavaThread "pool-1-thread-1" [_thread_in_vm, id=1516, stack(0x000000077ca00000,0x000000077cb00000)]
  0x000001586ea20690 JavaThread "DisconnectableInputStream source reader" daemon [_thread_blocked, id=14064, stack(0x000000077cb00000,0x000000077cc00000)]
  0x000001586ea4b040 JavaThread "Forward input" [_thread_blocked, id=13308, stack(0x000000077cc00000,0x000000077cd00000)]

Other Threads:
  0x000001580d43a660 VMThread "VM Thread" [stack: 0x000000077b900000,0x000000077ba00000] [id=13960]
  0x0000015828444610 WatcherThread [stack: 0x000000077c400000,0x000000077c500000] [id=2436]
  0x000001580d38f7c0 GCTaskThread "GC Thread#0" [stack: 0x000000077b400000,0x000000077b500000] [id=6300]
  0x00000158286df5b0 GCTaskThread "GC Thread#1" [stack: 0x000000077c700000,0x000000077c800000] [id=6800]
  0x000001586e073280 GCTaskThread "GC Thread#2" [stack: 0x000000077c800000,0x000000077c900000] [id=2068]
  0x000001586e073540 GCTaskThread "GC Thread#3" [stack: 0x000000077c900000,0x000000077ca00000] [id=14080]
  0x000001580d390f10 ConcurrentGCThread "G1 Main Marker" [stack: 0x000000077b500000,0x000000077b600000] [id=7880]
  0x000001580d391920 ConcurrentGCThread "G1 Conc#0" [stack: 0x000000077b600000,0x000000077b700000] [id=14076]
  0x000001580d3dd380 ConcurrentGCThread "G1 Refine#0" [stack: 0x000000077b700000,0x000000077b800000] [id=13388]
  0x000001580d3dddb0 ConcurrentGCThread "G1 Service" [stack: 0x000000077b800000,0x000000077b900000] [id=13344]

Threads with active compile tasks:
C2 CompilerThread0   346540 1758       4       java.util.ArrayList::remove (26 bytes)

VM state: not at safepoint (normal execution)

VM Mutex/Monitor currently owned by a thread: None

Heap address: 0x00000000fc000000, size: 64 MB, Compressed Oops mode: 32-bit

CDS archive(s) mapped at: [0x0000015829000000-0x0000015829bd0000-0x0000015829bd0000), size 12386304, SharedBaseAddress: 0x0000015829000000, ArchiveRelocationMode: 1.
Compressed class space mapped at: 0x000001582a000000-0x000001586a000000, reserved size: 1073741824
Narrow klass base: 0x0000015829000000, Narrow klass shift: 0, Narrow klass range: 0x100000000

GC Precious Log:
 CPUs: 4 total, 4 available
 Memory: 8074M
 Large Page Support: Disabled
 NUMA Support: Disabled
 Compressed Oops: Enabled (32-bit)
 Heap Region Size: 1M
 Heap Min Capacity: 64M
 Heap Initial Capacity: 64M
 Heap Max Capacity: 64M
 Pre-touch: Disabled
 Parallel Workers: 4
 Concurrent Workers: 1
 Concurrent Refinement Workers: 4
 Periodic GC: Disabled

Heap:
 garbage-first heap   total 65536K, used 28338K [0x00000000fc000000, 0x0000000100000000)
  region size 1024K, 21 young (21504K), 3 survivors (3072K)
 Metaspace       used 9439K, committed 9664K, reserved 1114112K
  class space    used 1229K, committed 1344K, reserved 1048576K

Heap Regions: E=young(eden), S=young(survivor), O=old, HS=humongous(starts), HC=humongous(continues), CS=collection set, F=free, OA=open archive, CA=closed archive, TAMS=top-at-mark-start (previous, next)
|   0|0x00000000fc000000, 0x00000000fc100000, 0x00000000fc100000|100%| O|  |TAMS 0x00000000fc000000, 0x00000000fc000000| Untracked 
|   1|0x00000000fc100000, 0x00000000fc200000, 0x00000000fc200000|100%| O|  |TAMS 0x00000000fc100000, 0x00000000fc100000| Untracked 
|   2|0x00000000fc200000, 0x00000000fc300000, 0x00000000fc300000|100%|HS|  |TAMS 0x00000000fc200000, 0x00000000fc200000| Complete 
|   3|0x00000000fc300000, 0x00000000fc400000, 0x00000000fc400000|100%|HC|  |TAMS 0x00000000fc300000, 0x00000000fc300000| Complete 
|   4|0x00000000fc400000, 0x00000000fc500000, 0x00000000fc500000|100%|HC|  |TAMS 0x00000000fc400000, 0x00000000fc400000| Complete 
|   5|0x00000000fc500000, 0x00000000fc600000, 0x00000000fc600000|100%|HC|  |TAMS 0x00000000fc500000, 0x00000000fc500000| Complete 
|   6|0x00000000fc600000, 0x00000000fc700000, 0x00000000fc700000|100%| O|  |TAMS 0x00000000fc600000, 0x00000000fc600000| Untracked 
|   7|0x00000000fc700000, 0x00000000fc7ac800, 0x00000000fc800000| 67%| O|  |TAMS 0x00000000fc700000, 0x00000000fc700000| Untracked 
|   8|0x00000000fc800000, 0x00000000fc800000, 0x00000000fc900000|  0%| F|  |TAMS 0x00000000fc800000, 0x00000000fc800000| Untracked 
|   9|0x00000000fc900000, 0x00000000fc900000, 0x00000000fca00000|  0%| F|  |TAMS 0x00000000fc900000, 0x00000000fc900000| Untracked 
|  10|0x00000000fca00000, 0x00000000fca00000, 0x00000000fcb00000|  0%| F|  |TAMS 0x00000000fca00000, 0x00000000fca00000| Untracked 
|  11|0x00000000fcb00000, 0x00000000fcb00000, 0x00000000fcc00000|  0%| F|  |TAMS 0x00000000fcb00000, 0x00000000fcb00000| Untracked 
|  12|0x00000000fcc00000, 0x00000000fcc00000, 0x00000000fcd00000|  0%| F|  |TAMS 0x00000000fcc00000, 0x00000000fcc00000| Untracked 
|  13|0x00000000fcd00000, 0x00000000fcd00000, 0x00000000fce00000|  0%| F|  |TAMS 0x00000000fcd00000, 0x00000000fcd00000| Untracked 
|  14|0x00000000fce00000, 0x00000000fce00000, 0x00000000fcf00000|  0%| F|  |TAMS 0x00000000fce00000, 0x00000000fce00000| Untracked 
|  15|0x00000000fcf00000, 0x00000000fcf00000, 0x00000000fd000000|  0%| F|  |TAMS 0x00000000fcf00000, 0x00000000fcf00000| Untracked 
|  16|0x00000000fd000000, 0x00000000fd000000, 0x00000000fd100000|  0%| F|  |TAMS 0x00000000fd000000, 0x00000000fd000000| Untracked 
|  17|0x00000000fd100000, 0x00000000fd100000, 0x00000000fd200000|  0%| F|  |TAMS 0x00000000fd100000, 0x00000000fd100000| Untracked 
|  18|0x00000000fd200000, 0x00000000fd200000, 0x00000000fd300000|  0%| F|  |TAMS 0x00000000fd200000, 0x00000000fd200000| Untracked 
|  19|0x00000000fd300000, 0x00000000fd300000, 0x00000000fd400000|  0%| F|  |TAMS 0x00000000fd300000, 0x00000000fd300000| Untracked 
|  20|0x00000000fd400000, 0x00000000fd400000, 0x00000000fd500000|  0%| F|  |TAMS 0x00000000fd400000, 0x00000000fd400000| Untracked 
|  21|0x00000000fd500000, 0x00000000fd500000, 0x00000000fd600000|  0%| F|  |TAMS 0x00000000fd500000, 0x00000000fd500000| Untracked 
|  22|0x00000000fd600000, 0x00000000fd600000, 0x00000000fd700000|  0%| F|  |TAMS 0x00000000fd600000, 0x00000000fd600000| Untracked 
|  23|0x00000000fd700000, 0x00000000fd700000, 0x00000000fd800000|  0%| F|  |TAMS 0x00000000fd700000, 0x00000000fd700000| Untracked 
|  24|0x00000000fd800000, 0x00000000fd800000, 0x00000000fd900000|  0%| F|  |TAMS 0x00000000fd800000, 0x00000000fd800000| Untracked 
|  25|0x00000000fd900000, 0x00000000fd900000, 0x00000000fda00000|  0%| F|  |TAMS 0x00000000fd900000, 0x00000000fd900000| Untracked 
|  26|0x00000000fda00000, 0x00000000fda00000, 0x00000000fdb00000|  0%| F|  |TAMS 0x00000000fda00000, 0x00000000fda00000| Untracked 
|  27|0x00000000fdb00000, 0x00000000fdb00000, 0x00000000fdc00000|  0%| F|  |TAMS 0x00000000fdb00000, 0x00000000fdb00000| Untracked 
|  28|0x00000000fdc00000, 0x00000000fdc00000, 0x00000000fdd00000|  0%| F|  |TAMS 0x00000000fdc00000, 0x00000000fdc00000| Untracked 
|  29|0x00000000fdd00000, 0x00000000fdd00000, 0x00000000fde00000|  0%| F|  |TAMS 0x00000000fdd00000, 0x00000000fdd00000| Untracked 
|  30|0x00000000fde00000, 0x00000000fde00000, 0x00000000fdf00000|  0%| F|  |TAMS 0x00000000fde00000, 0x00000000fde00000| Untracked 
|  31|0x00000000fdf00000, 0x00000000fdf00000, 0x00000000fe000000|  0%| F|  |TAMS 0x00000000fdf00000, 0x00000000fdf00000| Untracked 
|  32|0x00000000fe000000, 0x00000000fe000000, 0x00000000fe100000|  0%| F|  |TAMS 0x00000000fe000000, 0x00000000fe000000| Untracked 
|  33|0x00000000fe100000, 0x00000000fe100000, 0x00000000fe200000|  0%| F|  |TAMS 0x00000000fe100000, 0x00000000fe100000| Untracked 
|  34|0x00000000fe200000, 0x00000000fe200000, 0x00000000fe300000|  0%| F|  |TAMS 0x00000000fe200000, 0x00000000fe200000| Untracked 
|  35|0x00000000fe300000, 0x00000000fe300000, 0x00000000fe400000|  0%| F|  |TAMS 0x00000000fe300000, 0x00000000fe300000| Untracked 
|  36|0x00000000fe400000, 0x00000000fe400000, 0x00000000fe500000|  0%| F|  |TAMS 0x00000000fe400000, 0x00000000fe400000| Untracked 
|  37|0x00000000fe500000, 0x00000000fe500000, 0x00000000fe600000|  0%| F|  |TAMS 0x00000000fe500000, 0x00000000fe500000| Untracked 
|  38|0x00000000fe600000, 0x00000000fe600000, 0x00000000fe700000|  0%| F|  |TAMS 0x00000000fe600000, 0x00000000fe600000| Untracked 
|  39|0x00000000fe700000, 0x00000000fe700000, 0x00000000fe800000|  0%| F|  |TAMS 0x00000000fe700000, 0x00000000fe700000| Untracked 
|  40|0x00000000fe800000, 0x00000000fe800000, 0x00000000fe900000|  0%| F|  |TAMS 0x00000000fe800000, 0x00000000fe800000| Untracked 
|  41|0x00000000fe900000, 0x00000000fe900000, 0x00000000fea00000|  0%| F|  |TAMS 0x00000000fe900000, 0x00000000fe900000| Untracked 
|  42|0x00000000fea00000, 0x00000000fea00000, 0x00000000feb00000|  0%| F|  |TAMS 0x00000000fea00000, 0x00000000fea00000| Untracked 
|  43|0x00000000feb00000, 0x00000000fec00000, 0x00000000fec00000|100%| E|  |TAMS 0x00000000feb00000, 0x00000000feb00000| Complete 
|  44|0x00000000fec00000, 0x00000000fed00000, 0x00000000fed00000|100%| S|CS|TAMS 0x00000000fec00000, 0x00000000fec00000| Complete 
|  45|0x00000000fed00000, 0x00000000fee00000, 0x00000000fee00000|100%| S|CS|TAMS 0x00000000fed00000, 0x00000000fed00000| Complete 
|  46|0x00000000fee00000, 0x00000000fef00000, 0x00000000fef00000|100%| S|CS|TAMS 0x00000000fee00000, 0x00000000fee00000| Complete 
|  47|0x00000000fef00000, 0x00000000ff000000, 0x00000000ff000000|100%| E|CS|TAMS 0x00000000fef00000, 0x00000000fef00000| Complete 
|  48|0x00000000ff000000, 0x00000000ff100000, 0x00000000ff100000|100%| E|CS|TAMS 0x00000000ff000000, 0x00000000ff000000| Complete 
|  49|0x00000000ff100000, 0x00000000ff200000, 0x00000000ff200000|100%| E|CS|TAMS 0x00000000ff100000, 0x00000000ff100000| Complete 
|  50|0x00000000ff200000, 0x00000000ff300000, 0x00000000ff300000|100%| E|CS|TAMS 0x00000000ff200000, 0x00000000ff200000| Complete 
|  51|0x00000000ff300000, 0x00000000ff400000, 0x00000000ff400000|100%| E|CS|TAMS 0x00000000ff300000, 0x00000000ff300000| Complete 
|  52|0x00000000ff400000, 0x00000000ff500000, 0x00000000ff500000|100%| E|CS|TAMS 0x00000000ff400000, 0x00000000ff400000| Complete 
|  53|0x00000000ff500000, 0x00000000ff600000, 0x00000000ff600000|100%| E|CS|TAMS 0x00000000ff500000, 0x00000000ff500000| Complete 
|  54|0x00000000ff600000, 0x00000000ff700000, 0x00000000ff700000|100%| E|CS|TAMS 0x00000000ff600000, 0x00000000ff600000| Complete 
|  55|0x00000000ff700000, 0x00000000ff800000, 0x00000000ff800000|100%| E|CS|TAMS 0x00000000ff700000, 0x00000000ff700000| Complete 
|  56|0x00000000ff800000, 0x00000000ff900000, 0x00000000ff900000|100%| E|CS|TAMS 0x00000000ff800000, 0x00000000ff800000| Complete 
|  57|0x00000000ff900000, 0x00000000ffa00000, 0x00000000ffa00000|100%| E|CS|TAMS 0x00000000ff900000, 0x00000000ff900000| Complete 
|  58|0x00000000ffa00000, 0x00000000ffb00000, 0x00000000ffb00000|100%| E|CS|TAMS 0x00000000ffa00000, 0x00000000ffa00000| Complete 
|  59|0x00000000ffb00000, 0x00000000ffc00000, 0x00000000ffc00000|100%| E|CS|TAMS 0x00000000ffb00000, 0x00000000ffb00000| Complete 
|  60|0x00000000ffc00000, 0x00000000ffd00000, 0x00000000ffd00000|100%| E|CS|TAMS 0x00000000ffc00000, 0x00000000ffc00000| Complete 
|  61|0x00000000ffd00000, 0x00000000ffe00000, 0x00000000ffe00000|100%| E|CS|TAMS 0x00000000ffd00000, 0x00000000ffd00000| Complete 
|  62|0x00000000ffe00000, 0x00000000fff00000, 0x00000000fff00000|100%| E|CS|TAMS 0x00000000ffe00000, 0x00000000ffe00000| Complete 
|  63|0x00000000fff00000, 0x0000000100000000, 0x0000000100000000|100%| E|CS|TAMS 0x00000000fff00000, 0x00000000fff00000| Complete 

Card table byte_map: [0x0000015825a60000,0x0000015825a80000] _byte_map_base: 0x0000015825280000

Marking Bits (Prev, Next): (CMBitMap*) 0x000001580d38fde0, (CMBitMap*) 0x000001580d38fe20
 Prev Bits: [0x0000015825aa0000, 0x0000015825ba0000)
 Next Bits: [0x0000015825ba0000, 0x0000015825ca0000)

Polling page: 0x000001580d450000

Metaspace:

Usage:
  Non-class:      8.02 MB used.
      Class:      1.20 MB used.
       Both:      9.22 MB used.

Virtual space:
  Non-class space:       64.00 MB reserved,       8.12 MB ( 13%) committed,  1 nodes.
      Class space:        1.00 GB reserved,       1.31 MB ( <1%) committed,  1 nodes.
             Both:        1.06 GB reserved,       9.44 MB ( <1%) committed. 

Chunk freelists:
   Non-Class:  7.70 MB
       Class:  14.61 MB
        Both:  22.31 MB

MaxMetaspaceSize: unlimited
CompressedClassSpaceSize: 1.00 GB
Initial GC threshold: 21.00 MB
Current GC threshold: 21.00 MB
CDS: on
MetaspaceReclaimPolicy: balanced
 - commit_granule_bytes: 65536.
 - commit_granule_words: 8192.
 - virtual_space_node_default_size: 8388608.
 - enlarge_chunks_in_place: 1.
 - new_chunks_are_fully_committed: 0.
 - uncommit_free_chunks: 1.
 - use_allocation_guard: 0.
 - handle_deallocations: 1.


Internal statistics:

num_allocs_failed_limit: 0.
num_arena_births: 78.
num_arena_deaths: 0.
num_vsnodes_births: 2.
num_vsnodes_deaths: 0.
num_space_committed: 151.
num_space_uncommitted: 0.
num_chunks_returned_to_freelist: 0.
num_chunks_taken_from_freelist: 316.
num_chunk_merges: 0.
num_chunk_splits: 227.
num_chunks_enlarged: 192.
num_inconsistent_stats: 0.

CodeHeap 'non-profiled nmethods': size=120000Kb used=652Kb max_used=652Kb free=119348Kb
 bounds [0x000001581def0000, 0x000001581e160000, 0x0000015825420000]
CodeHeap 'profiled nmethods': size=120000Kb used=3335Kb max_used=3335Kb free=116664Kb
 bounds [0x0000015816420000, 0x0000015816770000, 0x000001581d950000]
CodeHeap 'non-nmethods': size=5760Kb used=1172Kb max_used=1199Kb free=4588Kb
 bounds [0x000001581d950000, 0x000001581dbc0000, 0x000001581def0000]
 total_blobs=2230 nmethods=1762 adapters=381
 compilation: enabled
              stopped_count=0, restarted_count=0
 full_count=0

Compilation events (20 events):
Event: 308.484 Thread 0x0000015828202680 nmethod 1747 0x000001581675ad10 code [0x000001581675af00, 0x000001581675b558]
Event: 308.487 Thread 0x0000015828202680 1748       3       org.gradle.internal.logging.console.DefaultColorMap$CompositeColor::off (43 bytes)
Event: 308.488 Thread 0x0000015828202680 nmethod 1748 0x000001581675b810 code [0x000001581675ba00, 0x000001581675c028]
Event: 308.544 Thread 0x0000015828202680 1750       3       com.google.common.collect.Lists$RandomAccessReverseList::<init> (6 bytes)
Event: 308.545 Thread 0x0000015828202680 nmethod 1750 0x000001581675c210 code [0x000001581675c400, 0x000001581675c968]
Event: 308.545 Thread 0x0000015828202680 1751       3       com.google.common.collect.Lists$ReverseList::iterator (5 bytes)
Event: 308.546 Thread 0x0000015828202680 nmethod 1751 0x000001581675cb10 code [0x000001581675ccc0, 0x000001581675cf68]
Event: 308.546 Thread 0x0000015828202680 1752       3       com.google.common.collect.Lists$ReverseList::reversePosition (15 bytes)
Event: 308.546 Thread 0x0000015828202680 nmethod 1752 0x000001581675d090 code [0x000001581675d260, 0x000001581675d5b8]
Event: 311.514 Thread 0x0000015828201520 1753       4       java.util.AbstractList::equals (117 bytes)
Event: 311.541 Thread 0x0000015828201520 nmethod 1753 0x000001581df8ce10 code [0x000001581df8d020, 0x000001581df8d8d8]
Event: 315.726 Thread 0x0000015828201520 1754       4       java.lang.AbstractStringBuilder::append (60 bytes)
Event: 315.780 Thread 0x0000015828201520 nmethod 1754 0x000001581df8e090 code [0x000001581df8e240, 0x000001581df8ec08]
Event: 315.899 Thread 0x0000015828201520 1755       4       java.lang.Long::stringSize (55 bytes)
Event: 315.904 Thread 0x0000015828201520 nmethod 1755 0x000001581df8f090 code [0x000001581df8f200, 0x000001581df8f418]
Event: 315.904 Thread 0x0000015828201520 1756       4       java.lang.Long::getChars (208 bytes)
Event: 315.907 Thread 0x0000015828201520 nmethod 1756 0x000001581df8f510 code [0x000001581df8f6a0, 0x000001581df8f858]
Event: 327.291 Thread 0x0000015828201520 1757       4       org.gradle.internal.logging.console.DefaultWorkInProgressFormatter::format (102 bytes)
Event: 327.419 Thread 0x0000015828201520 nmethod 1757 0x000001581df8fa10 code [0x000001581df8fca0, 0x000001581df91d10]
Event: 337.648 Thread 0x0000015828201520 1758       4       java.util.ArrayList::remove (26 bytes)

GC Heap History (4 events):
Event: 1.634 GC heap before
{Heap before GC invocations=0 (full 0):
 garbage-first heap   total 65536K, used 12288K [0x00000000fc000000, 0x0000000100000000)
  region size 1024K, 13 young (13312K), 0 survivors (0K)
 Metaspace       used 1834K, committed 1920K, reserved 1114112K
  class space    used 168K, committed 192K, reserved 1048576K
}
Event: 1.642 GC heap after
{Heap after GC invocations=1 (full 0):
 garbage-first heap   total 65536K, used 3268K [0x00000000fc000000, 0x0000000100000000)
  region size 1024K, 2 young (2048K), 2 survivors (2048K)
 Metaspace       used 1834K, committed 1920K, reserved 1114112K
  class space    used 168K, committed 192K, reserved 1048576K
}
Event: 2.950 GC heap before
{Heap before GC invocations=1 (full 0):
 garbage-first heap   total 65536K, used 21700K [0x00000000fc000000, 0x0000000100000000)
  region size 1024K, 17 young (17408K), 2 survivors (2048K)
 Metaspace       used 5012K, committed 5248K, reserved 1114112K
  class space    used 659K, committed 768K, reserved 1048576K
}
Event: 2.958 GC heap after
{Heap after GC invocations=2 (full 0):
 garbage-first heap   total 65536K, used 10930K [0x00000000fc000000, 0x0000000100000000)
  region size 1024K, 3 young (3072K), 3 survivors (3072K)
 Metaspace       used 5012K, committed 5248K, reserved 1114112K
  class space    used 659K, committed 768K, reserved 1048576K
}

Deoptimization events (20 events):
Event: 3.066 Thread 0x000001580d370940 DEOPT PACKING pc=0x000001581df41190 sp=0x000000077b3fc930
Event: 3.066 Thread 0x000001580d370940 DEOPT UNPACKING pc=0x000001581d9a23a3 sp=0x000000077b3fc848 mode 2
Event: 3.137 Thread 0x000001580d370940 Uncommon trap: trap_request=0xffffff45 fr.pc=0x000001581df296fc relative=0x000000000000113c
Event: 3.137 Thread 0x000001580d370940 Uncommon trap: reason=unstable_if action=reinterpret pc=0x000001581df296fc method=java.util.HashMap.putVal(ILjava/lang/Object;Ljava/lang/Object;ZZ)Ljava/lang/Object; @ 236 c2
Event: 3.137 Thread 0x000001580d370940 DEOPT PACKING pc=0x000001581df296fc sp=0x000000077b3fbd20
Event: 3.137 Thread 0x000001580d370940 DEOPT UNPACKING pc=0x000001581d9a23a3 sp=0x000000077b3fbce8 mode 2
Event: 3.193 Thread 0x000001580d370940 DEOPT PACKING pc=0x000001581651d5b8 sp=0x000000077b3f7bb0
Event: 3.193 Thread 0x000001580d370940 DEOPT UNPACKING pc=0x000001581d9a2b43 sp=0x000000077b3f70c8 mode 0
Event: 3.302 Thread 0x000001580d370940 Uncommon trap: trap_request=0xffffffc6 fr.pc=0x000001581df54480 relative=0x00000000000005a0
Event: 3.302 Thread 0x000001580d370940 Uncommon trap: reason=bimorphic_or_optimized_type_check action=maybe_recompile pc=0x000001581df54480 method=java.util.concurrent.ConcurrentHashMap.get(Ljava/lang/Object;)Ljava/lang/Object; @ 149 c2
Event: 3.302 Thread 0x000001580d370940 DEOPT PACKING pc=0x000001581df54480 sp=0x000000077b3fb7f0
Event: 3.302 Thread 0x000001580d370940 DEOPT UNPACKING pc=0x000001581d9a23a3 sp=0x000000077b3fb790 mode 2
Event: 3.731 Thread 0x000001580d370940 Uncommon trap: trap_request=0xffffff45 fr.pc=0x000001581df27f24 relative=0x0000000000000664
Event: 3.731 Thread 0x000001580d370940 Uncommon trap: reason=unstable_if action=reinterpret pc=0x000001581df27f24 method=java.lang.AbstractStringBuilder.append(Ljava/lang/String;)Ljava/lang/AbstractStringBuilder; @ 1 c2
Event: 3.732 Thread 0x000001580d370940 DEOPT PACKING pc=0x000001581df27f24 sp=0x000000077b3fc530
Event: 3.732 Thread 0x000001580d370940 DEOPT UNPACKING pc=0x000001581d9a23a3 sp=0x000000077b3fc4b0 mode 2
Event: 3.732 Thread 0x000001580d370940 Uncommon trap: trap_request=0xffffff45 fr.pc=0x000001581df2f924 relative=0x0000000000000664
Event: 3.732 Thread 0x000001580d370940 Uncommon trap: reason=unstable_if action=reinterpret pc=0x000001581df2f924 method=java.lang.AbstractStringBuilder.append(Ljava/lang/String;)Ljava/lang/AbstractStringBuilder; @ 1 c2
Event: 3.732 Thread 0x000001580d370940 DEOPT PACKING pc=0x000001581df2f924 sp=0x000000077b3fc4d0
Event: 3.732 Thread 0x000001580d370940 DEOPT UNPACKING pc=0x000001581d9a23a3 sp=0x000000077b3fc4b8 mode 2

Classes unloaded (0 events):
No events

Classes redefined (0 events):
No events

Internal exceptions (18 events):
Event: 0.505 Thread 0x000001580d370940 Exception <a 'java/lang/NoSuchMethodError'{0x00000000ffc5e2b8}: 'int java.lang.invoke.DirectMethodHandle$Holder.invokeStaticInit(java.lang.Object, java.lang.Object)'> (0x00000000ffc5e2b8) 
thrown [s\open\src\hotspot\share\interpreter\linkResolver.cpp, line 759]
Event: 2.617 Thread 0x000001580d370940 Exception <a 'java/lang/NoSuchMethodError'{0x00000000ff662a78}: 'void java.lang.invoke.DirectMethodHandle$Holder.invokeStatic(java.lang.Object, java.lang.Object)'> (0x00000000ff662a78) 
thrown [s\open\src\hotspot\share\interpreter\linkResolver.cpp, line 759]
Event: 2.658 Thread 0x000001580d370940 Exception <a 'java/lang/NoClassDefFoundError'{0x00000000ff6e6808}: org/slf4j/impl/StaticMarkerBinder> (0x00000000ff6e6808) 
thrown [s\open\src\hotspot\share\classfile\systemDictionary.cpp, line 245]
Event: 2.701 Thread 0x000001580d370940 Exception <a 'java/lang/NoSuchMethodError'{0x00000000ff587938}: 'java.lang.Object java.lang.invoke.DirectMethodHandle$Holder.invokeVirtual(java.lang.Object, java.lang.Object, java.lang.Object, java.lang.Object, java.lang.Object, java.lang.Object, java.lang.Object)'> (0x00000000ff587938) 
thrown [s\open\src\hotspot\share\interpreter\linkResolver.cpp, line 759]
Event: 2.706 Thread 0x000001580d370940 Exception <a 'java/lang/NoSuchMethodError'{0x00000000ff598ef8}: 'java.lang.Object java.lang.invoke.Invokers$Holder.invoker(java.lang.Object, java.lang.Object, java.lang.Object)'> (0x00000000ff598ef8) 
thrown [s\open\src\hotspot\share\interpreter\linkResolver.cpp, line 759]
Event: 2.710 Thread 0x000001580d370940 Exception <a 'java/lang/NoSuchMethodError'{0x00000000ff5a22a8}: 'java.lang.Object java.lang.invoke.DirectMethodHandle$Holder.invokeStatic(java.lang.Object, java.lang.Object, int)'> (0x00000000ff5a22a8) 
thrown [s\open\src\hotspot\share\interpreter\linkResolver.cpp, line 759]
Event: 2.721 Thread 0x000001580d370940 Exception <a 'java/lang/NoSuchMethodError'{0x00000000ff5adf98}: 'void java.lang.invoke.DelegatingMethodHandle$Holder.delegate(java.lang.Object, java.lang.Object, int, java.lang.Object)'> (0x00000000ff5adf98) 
thrown [s\open\src\hotspot\share\interpreter\linkResolver.cpp, line 759]
Event: 2.723 Thread 0x000001580d370940 Exception <a 'java/lang/NoSuchMethodError'{0x00000000ff5b20e0}: 'int java.lang.invoke.DirectMethodHandle$Holder.invokeSpecial(java.lang.Object, java.lang.Object, java.lang.Object)'> (0x00000000ff5b20e0) 
thrown [s\open\src\hotspot\share\interpreter\linkResolver.cpp, line 759]
Event: 2.729 Thread 0x000001580d370940 Exception <a 'java/lang/NoSuchMethodError'{0x00000000ff5c5228}: 'java.lang.Object java.lang.invoke.Invokers$Holder.invokeExact_MT(java.lang.Object, java.lang.Object, java.lang.Object, java.lang.Object)'> (0x00000000ff5c5228) 
thrown [s\open\src\hotspot\share\interpreter\linkResolver.cpp, line 759]
Event: 3.046 Thread 0x000001580d370940 Exception <a 'java/lang/NoSuchMethodError'{0x00000000ffd67d90}: 'void java.lang.invoke.DirectMethodHandle$Holder.invokeSpecial(java.lang.Object, java.lang.Object, java.lang.Object)'> (0x00000000ffd67d90) 
thrown [s\open\src\hotspot\share\interpreter\linkResolver.cpp, line 759]
Event: 3.066 Thread 0x000001580d370940 Implicit null exception at 0x000001581df48f0f to 0x000001581df49460
Event: 3.066 Thread 0x000001580d370940 Implicit null exception at 0x000001581df40c0f to 0x000001581df41170
Event: 3.106 Thread 0x000001580d370940 Exception <a 'java/lang/NoSuchMethodError'{0x00000000ffcb5a08}: 'java.lang.Object java.lang.invoke.DirectMethodHandle$Holder.invokeStaticInit(java.lang.Object)'> (0x00000000ffcb5a08) 
thrown [s\open\src\hotspot\share\interpreter\linkResolver.cpp, line 759]
Event: 3.294 Thread 0x000001580d370940 Exception <a 'java/lang/NoSuchMethodError'{0x00000000ff86d638}: 'java.lang.Object java.lang.invoke.DirectMethodHandle$Holder.invokeStaticInit(java.lang.Object, int, int, int, int)'> (0x00000000ff86d638) 
thrown [s\open\src\hotspot\share\interpreter\linkResolver.cpp, line 759]
Event: 3.437 Thread 0x000001580d370940 Exception <a 'java/lang/NoSuchMethodError'{0x00000000ff8ab8a0}: 'java.lang.Object java.lang.invoke.DirectMethodHandle$Holder.invokeStaticInit(java.lang.Object, java.lang.Object, int, int, int, int)'> (0x00000000ff8ab8a0) 
thrown [s\open\src\hotspot\share\interpreter\linkResolver.cpp, line 759]
Event: 3.703 Thread 0x000001580d370940 Exception <a 'java/lang/NoSuchMethodError'{0x00000000ff8d8cc0}: 'void java.lang.invoke.DirectMethodHandle$Holder.invokeStatic(java.lang.Object, java.lang.Object, java.lang.Object)'> (0x00000000ff8d8cc0) 
thrown [s\open\src\hotspot\share\interpreter\linkResolver.cpp, line 759]
Event: 3.731 Thread 0x000001580d370940 Implicit null exception at 0x000001581df278f2 to 0x000001581df27f0c
Event: 3.732 Thread 0x000001580d370940 Implicit null exception at 0x000001581df2f2f2 to 0x000001581df2f90c

VM Operations (20 events):
Event: 231.822 Executing VM operation: Cleanup
Event: 231.822 Executing VM operation: Cleanup done
Event: 236.867 Executing VM operation: Cleanup
Event: 236.867 Executing VM operation: Cleanup done
Event: 238.870 Executing VM operation: Cleanup
Event: 238.870 Executing VM operation: Cleanup done
Event: 240.466 Executing VM operation: HandshakeAllThreads
Event: 240.466 Executing VM operation: HandshakeAllThreads done
Event: 244.519 Executing VM operation: Cleanup
Event: 244.519 Executing VM operation: Cleanup done
Event: 255.603 Executing VM operation: Cleanup
Event: 255.603 Executing VM operation: Cleanup done
Event: 261.647 Executing VM operation: Cleanup
Event: 261.647 Executing VM operation: Cleanup done
Event: 267.717 Executing VM operation: Cleanup
Event: 267.717 Executing VM operation: Cleanup done
Event: 274.787 Executing VM operation: Cleanup
Event: 274.787 Executing VM operation: Cleanup done
Event: 310.079 Executing VM operation: Cleanup
Event: 310.079 Executing VM operation: Cleanup done

Events (20 events):
Event: 229.746 loading class jdk/internal/logger/LazyLoggers$LazyLoggerFactories
Event: 229.746 loading class jdk/internal/logger/LazyLoggers$LazyLoggerFactories done
Event: 229.749 loading class jdk/internal/logger/LoggerFinderLoader
Event: 229.750 loading class jdk/internal/logger/LoggerFinderLoader done
Event: 229.751 loading class jdk/internal/logger/LoggerFinderLoader$TemporaryLoggerFinder
Event: 229.751 loading class jdk/internal/logger/LoggerFinderLoader$TemporaryLoggerFinder done
Event: 229.752 loading class sun/util/logging/internal/LoggingProviderImpl$JULWrapper
Event: 229.753 loading class sun/util/logging/PlatformLogger$ConfigurableBridge$LoggerConfiguration
Event: 229.753 loading class sun/util/logging/PlatformLogger$ConfigurableBridge$LoggerConfiguration done
Event: 229.753 loading class sun/util/logging/internal/LoggingProviderImpl$JULWrapper done
Event: 229.754 loading class java/io/ObjectInputFilter
Event: 229.754 loading class java/io/ObjectInputFilter done
Event: 229.755 loading class java/io/ObjectInputFilter$Config$BuiltinFilterFactory
Event: 229.755 loading class java/io/ObjectInputFilter$Config$BuiltinFilterFactory done
Event: 229.755 loading class jdk/internal/access/JavaObjectInputFilterAccess
Event: 229.755 loading class jdk/internal/access/JavaObjectInputFilterAccess done
Event: 229.756 loading class java/lang/System$Logger$Level
Event: 229.757 loading class java/lang/System$Logger$Level done
Event: 229.758 loading class java/io/Bits
Event: 229.758 loading class java/io/Bits done


Dynamic libraries:
0x00007ff60df30000 - 0x00007ff60df40000 	C:\Program Files\Java\jdk-17\bin\java.exe
0x00007ff920ed0000 - 0x00007ff9210c8000 	C:\windows\SYSTEM32\ntdll.dll
0x00007ff920740000 - 0x00007ff9207ff000 	C:\windows\System32\KERNEL32.DLL
0x00007ff91e5b0000 - 0x00007ff91e8a6000 	C:\windows\System32\KERNELBASE.dll
0x00007ff91ed60000 - 0x00007ff91ee60000 	C:\windows\System32\ucrtbase.dll
0x00007ff918490000 - 0x00007ff9184ab000 	C:\Program Files\Java\jdk-17\bin\VCRUNTIME140.dll
0x00007ff919b10000 - 0x00007ff919b29000 	C:\Program Files\Java\jdk-17\bin\jli.dll
0x00007ff920c70000 - 0x00007ff920d1f000 	C:\windows\System32\ADVAPI32.dll
0x00007ff920210000 - 0x00007ff9202ae000 	C:\windows\System32\msvcrt.dll
0x00007ff91ff40000 - 0x00007ff91ffdc000 	C:\windows\System32\sechost.dll
0x00007ff920d30000 - 0x00007ff920e56000 	C:\windows\System32\RPCRT4.dll
0x00007ff91efa0000 - 0x00007ff91f13d000 	C:\windows\System32\USER32.dll
0x00007ff91ef00000 - 0x00007ff91ef22000 	C:\windows\System32\win32u.dll
0x00007ff91fd50000 - 0x00007ff91fd7c000 	C:\windows\System32\GDI32.dll
0x00007ff91eb40000 - 0x00007ff91ec55000 	C:\windows\System32\gdi32full.dll
0x00007ff91ee60000 - 0x00007ff91eefd000 	C:\windows\System32\msvcp_win.dll
0x00007ff91da30000 - 0x00007ff91dcca000 	C:\windows\WinSxS\amd64_microsoft.windows.common-controls_6595b64144ccf1df_6.0.19041.1110_none_60b5254171f9507e\COMCTL32.dll
0x00007ff90ec20000 - 0x00007ff90ec2a000 	C:\windows\SYSTEM32\VERSION.dll
0x00007ff91f560000 - 0x00007ff91f590000 	C:\windows\System32\IMM32.DLL
0x00007ff918a60000 - 0x00007ff918a6c000 	C:\Program Files\Java\jdk-17\bin\vcruntime140_1.dll
0x00007ff8fc080000 - 0x00007ff8fc10e000 	C:\Program Files\Java\jdk-17\bin\msvcp140.dll
0x00007ff8bdd40000 - 0x00007ff8be91f000 	C:\Program Files\Java\jdk-17\bin\server\jvm.dll
0x00007ff920e80000 - 0x00007ff920e88000 	C:\windows\System32\PSAPI.DLL
0x00007ff918480000 - 0x00007ff918489000 	C:\windows\SYSTEM32\WSOCK32.dll
0x00007ff91f590000 - 0x00007ff91f5fb000 	C:\windows\System32\WS2_32.dll
0x00007ff90a700000 - 0x00007ff90a727000 	C:\windows\SYSTEM32\WINMM.dll
0x00007ff91c790000 - 0x00007ff91c7a2000 	C:\windows\SYSTEM32\kernel.appcore.dll
0x00007ff918310000 - 0x00007ff91831a000 	C:\Program Files\Java\jdk-17\bin\jimage.dll
0x00007ff91ded0000 - 0x00007ff91e0b4000 	C:\windows\SYSTEM32\DBGHELP.DLL
0x00007ff91de90000 - 0x00007ff91dec4000 	C:\windows\SYSTEM32\dbgcore.DLL
0x00007ff91e950000 - 0x00007ff91e9d2000 	C:\windows\System32\bcryptPrimitives.dll
0x00007ff90a8e0000 - 0x00007ff90a905000 	C:\Program Files\Java\jdk-17\bin\java.dll
0x00007ff8f5b30000 - 0x00007ff8f5c07000 	C:\Program Files\Java\jdk-17\bin\jsvml.dll
0x00007ff91f600000 - 0x00007ff91fd44000 	C:\windows\System32\SHELL32.dll
0x00007ff91bfb0000 - 0x00007ff91c743000 	C:\windows\SYSTEM32\windows.storage.dll
0x00007ff9202b0000 - 0x00007ff920604000 	C:\windows\System32\combase.dll
0x00007ff91d760000 - 0x00007ff91d78e000 	C:\windows\SYSTEM32\Wldp.dll
0x00007ff91ffe0000 - 0x00007ff92008d000 	C:\windows\System32\SHCORE.dll
0x00007ff91ef30000 - 0x00007ff91ef85000 	C:\windows\System32\shlwapi.dll
0x00007ff91e4f0000 - 0x00007ff91e50f000 	C:\windows\SYSTEM32\profapi.dll
0x00007ff90b5c0000 - 0x00007ff90b5d9000 	C:\Program Files\Java\jdk-17\bin\net.dll
0x00007ff9166f0000 - 0x00007ff9167fa000 	C:\windows\SYSTEM32\WINHTTP.dll
0x00007ff91d5d0000 - 0x00007ff91d63a000 	C:\windows\system32\mswsock.dll
0x00007ff90a8c0000 - 0x00007ff90a8d6000 	C:\Program Files\Java\jdk-17\bin\nio.dll
0x00007ff90a8a0000 - 0x00007ff90a8b8000 	C:\Program Files\Java\jdk-17\bin\zip.dll
0x00007ff90e5c0000 - 0x00007ff90e5d0000 	C:\Program Files\Java\jdk-17\bin\verify.dll
0x00007ff90aa60000 - 0x00007ff90aa87000 	C:\Users\bbgia\.gradle\native\68d5fa5c4cc2d200863cafc0d521ce42e7d3e7ee720ec0a83991735586a16f82\windows-amd64\native-platform.dll
0x00007ff919b60000 - 0x00007ff919b6a000 	C:\Users\bbgia\.gradle\native\jansi\1.18\windows64\jansi.dll
0x00007ff919b40000 - 0x00007ff919b4a000 	C:\Program Files\Java\jdk-17\bin\management.dll
0x00007ff919b30000 - 0x00007ff919b3b000 	C:\Program Files\Java\jdk-17\bin\management_ext.dll
0x00007ff91e260000 - 0x00007ff91e278000 	C:\windows\SYSTEM32\CRYPTSP.dll
0x00007ff91cf80000 - 0x00007ff91cfb4000 	C:\windows\system32\rsaenh.dll
0x00007ff91e920000 - 0x00007ff91e947000 	C:\windows\System32\bcrypt.dll
0x00007ff91e470000 - 0x00007ff91e49e000 	C:\windows\SYSTEM32\USERENV.dll
0x00007ff91d880000 - 0x00007ff91d88c000 	C:\windows\SYSTEM32\CRYPTBASE.dll
0x00007ff91d2f0000 - 0x00007ff91d32c000 	C:\windows\SYSTEM32\IPHLPAPI.DLL
0x00007ff91ef90000 - 0x00007ff91ef98000 	C:\windows\System32\NSI.dll
0x00007ff918340000 - 0x00007ff918357000 	C:\windows\SYSTEM32\dhcpcsvc6.DLL
0x00007ff9180f0000 - 0x00007ff91810d000 	C:\windows\SYSTEM32\dhcpcsvc.DLL
0x00007ff91d330000 - 0x00007ff91d3fb000 	C:\windows\SYSTEM32\DNSAPI.dll
0x00007ff914af0000 - 0x00007ff914afe000 	C:\Program Files\Java\jdk-17\bin\sunmscapi.dll
0x00007ff91e9e0000 - 0x00007ff91eb3e000 	C:\windows\System32\CRYPT32.dll
0x00007ff91d910000 - 0x00007ff91d938000 	C:\windows\SYSTEM32\ncrypt.dll
0x00007ff91d820000 - 0x00007ff91d85b000 	C:\windows\SYSTEM32\NTASN1.dll
0x00007ff90b990000 - 0x00007ff90b997000 	C:\windows\system32\wshunix.dll

dbghelp: loaded successfully - version: 4.0.5 - missing functions: none
symbol engine: initialized successfully - sym options: 0x614 - pdb path: .;C:\Program Files\Java\jdk-17\bin;C:\windows\SYSTEM32;C:\windows\WinSxS\amd64_microsoft.windows.common-controls_6595b64144ccf1df_6.0.19041.1110_none_60b5254171f9507e;C:\Program Files\Java\jdk-17\bin\server;C:\Users\bbgia\.gradle\native\68d5fa5c4cc2d200863cafc0d521ce42e7d3e7ee720ec0a83991735586a16f82\windows-amd64;C:\Users\bbgia\.gradle\native\jansi\1.18\windows64

VM Arguments:
jvm_args: -Xmx64m -Xms64m -Dorg.gradle.appname=gradlew 
java_command: org.gradle.wrapper.GradleWrapperMain app:installDebug -PreactNativeDevServerPort=8081
java_class_path (initial): D:\Sipngo-Android\Sipngo\android\\gradle\wrapper\gradle-wrapper.jar
Launcher Type: SUN_STANDARD

[Global flags]
     intx CICompilerCount                          = 3                                         {product} {ergonomic}
     uint ConcGCThreads                            = 1                                         {product} {ergonomic}
     uint G1ConcRefinementThreads                  = 4                                         {product} {ergonomic}
   size_t G1HeapRegionSize                         = 1048576                                   {product} {ergonomic}
    uintx GCDrainStackTargetSize                   = 64                                        {product} {ergonomic}
   size_t InitialHeapSize                          = 67108864                                  {product} {command line}
   size_t MarkStackSize                            = 4194304                                   {product} {ergonomic}
   size_t MaxHeapSize                              = 67108864                                  {product} {command line}
   size_t MaxNewSize                               = 39845888                                  {product} {ergonomic}
   size_t MinHeapDeltaBytes                        = 1048576                                   {product} {ergonomic}
   size_t MinHeapSize                              = 67108864                                  {product} {command line}
    uintx NonNMethodCodeHeapSize                   = 5832780                                {pd product} {ergonomic}
    uintx NonProfiledCodeHeapSize                  = 122912730                              {pd product} {ergonomic}
    uintx ProfiledCodeHeapSize                     = 122912730                              {pd product} {ergonomic}
    uintx ReservedCodeCacheSize                    = 251658240                              {pd product} {ergonomic}
     bool SegmentedCodeCache                       = true                                      {product} {ergonomic}
   size_t SoftMaxHeapSize                          = 67108864                               {manageable} {ergonomic}
     bool UseCompressedClassPointers               = true                           {product lp64_product} {ergonomic}
     bool UseCompressedOops                        = true                           {product lp64_product} {ergonomic}
     bool UseG1GC                                  = true                                      {product} {ergonomic}
     bool UseLargePagesIndividualAllocation        = false                                  {pd product} {ergonomic}

Logging:
Log output configuration:
 #0: stdout all=warning uptime,level,tags
 #1: stderr all=off uptime,level,tags

Environment Variables:
JAVA_HOME=C:\Program Files\Java\jdk-17
CLASSPATH=D:\Sipngo-Android\Sipngo\android\\gradle\wrapper\gradle-wrapper.jar
PATH=D:\Sipngo-Android\Sipngo\node_modules\.bin;D:\Sipngo-Android\node_modules\.bin;D:\node_modules\.bin;C:\Users\bbgia\AppData\Roaming\npm\node_modules\npm\node_modules\@npmcli\run-script\lib\node-gyp-bin;C:\Program Files\Common Files\Oracle\Java\javapath;C:\windows\system32;C:\windows;C:\windows\System32\Wbem;C:\windows\System32\WindowsPowerShell\v1.0\;C:\windows\System32\OpenSSH\;C:\Program Files\nodejs\;C:\Program Files\Git\cmd;C:\Users\bbgia\AppData\Local\Android\Sdk\platform-tools;C:\Program Files\Java\jdk-17;C:\Users\bbgia\AppData\Local\Programs\Microsoft VS Code\bin;C:\Users\bbgia\AppData\Roaming\npm;C:\Users\bbgia\AppData\Local\GitHubDesktop\bin;C:\Users\bbgia\AppData\Local\Android\Sdk\platform-tools;
USERNAME=bbgia
LANG=en_US.UTF-8
OS=Windows_NT
PROCESSOR_IDENTIFIER=Intel64 Family 6 Model 78 Stepping 3, GenuineIntel



---------------  S Y S T E M  ---------------

OS:
 Windows 10 , 64 bit Build 19041 (10.0.19041.2913)
OS uptime: 0 days 11:53 hours

CPU: total 4 (initial active 4) (2 cores per cpu, 2 threads per core) family 6 model 78 stepping 3 microcode 0xcc, cx8, cmov, fxsr, ht, mmx, 3dnowpref, sse, sse2, sse3, ssse3, sse4.1, sse4.2, popcnt, lzcnt, tsc, tscinvbit, avx, avx2, aes, erms, clmul, bmi1, bmi2, adx, fma, vzeroupper, clflush, clflushopt

Memory: 4k page, system-wide physical 8074M (203M free)
TotalPageFile size 20793M (AvailPageFile size 200M)
current process WorkingSet (physical memory assigned to process): 30M, peak: 86M
current process commit charge ("private bytes"): 154M, peak: 158M

vm_info: Java HotSpot(TM) 64-Bit Server VM (17.0.10+11-LTS-240) for windows-amd64 JRE (17.0.10+11-LTS-240), built on Dec 19 2023 21:47:25 by "mach5one" with MS VC++ 17.1 (VS2022)

END.
